0 info it worked if it ends with ok
1 verbose cli [ '/usr/bin/node', '/usr/bin/npm', 'run', 'start' ]
2 info using npm@3.5.2
3 info using node@v8.10.0
4 verbose run-script [ 'prestart', 'start', 'poststart' ]
5 info lifecycle argon-dashboard-pro-angular@1.1.1~prestart: argon-dashboard-pro-angular@1.1.1
6 silly lifecycle argon-dashboard-pro-angular@1.1.1~prestart: no script for prestart, continuing
7 info lifecycle argon-dashboard-pro-angular@1.1.1~start: argon-dashboard-pro-angular@1.1.1
8 verbose lifecycle argon-dashboard-pro-angular@1.1.1~start: unsafe-perm in lifecycle true
9 verbose lifecycle argon-dashboard-pro-angular@1.1.1~start: PATH: /usr/share/npm/bin/node-gyp-bin:/home/reinaldoagf/Projects/acondicionamientoFront/node_modules/.bin:/usr/local/sbin:/usr/local/bin:/usr/sbin:/usr/bin:/sbin:/bin:/usr/games:/usr/local/games:/snap/bin
10 verbose lifecycle argon-dashboard-pro-angular@1.1.1~start: CWD: /home/reinaldoagf/Projects/acondicionamientoFront
11 silly lifecycle argon-dashboard-pro-angular@1.1.1~start: Args: [ '-c', 'ng serve --proxy-config proxy.conf.json' ]
12 silly lifecycle argon-dashboard-pro-angular@1.1.1~start: Returned: code: 3  signal: null
13 info lifecycle argon-dashboard-pro-angular@1.1.1~start: Failed to exec start script
14 verbose stack Error: argon-dashboard-pro-angular@1.1.1 start: `ng serve --proxy-config proxy.conf.json`
14 verbose stack Exit status 3
14 verbose stack     at EventEmitter.<anonymous> (/usr/share/npm/lib/utils/lifecycle.js:232:16)
14 verbose stack     at emitTwo (events.js:126:13)
14 verbose stack     at EventEmitter.emit (events.js:214:7)
14 verbose stack     at ChildProcess.<anonymous> (/usr/share/npm/lib/utils/spawn.js:24:14)
14 verbose stack     at emitTwo (events.js:126:13)
14 verbose stack     at ChildProcess.emit (events.js:214:7)
14 verbose stack     at maybeClose (internal/child_process.js:925:16)
14 verbose stack     at Process.ChildProcess._handle.onexit (internal/child_process.js:209:5)
15 verbose pkgid argon-dashboard-pro-angular@1.1.1
16 verbose cwd /home/reinaldoagf/Projects/acondicionamientoFront
17 error Linux 5.4.0-42-generic
18 error argv "/usr/bin/node" "/usr/bin/npm" "run" "start"
19 error node v8.10.0
20 error npm  v3.5.2
21 error code ELIFECYCLE
22 error argon-dashboard-pro-angular@1.1.1 start: `ng serve --proxy-config proxy.conf.json`
22 error Exit status 3
23 error Failed at the argon-dashboard-pro-angular@1.1.1 start script 'ng serve --proxy-config proxy.conf.json'.
23 error Make sure you have the latest version of node.js and npm installed.
23 error If you do, this is most likely a problem with the argon-dashboard-pro-angular package,
23 error not with npm itself.
23 error Tell the author that this fails on your system:
23 error     ng serve --proxy-config proxy.conf.json
23 error You can get information on how to open an issue for this project with:
23 error     npm bugs argon-dashboard-pro-angular
23 error Or if that isn't available, you can get their info via:
23 error     npm owner ls argon-dashboard-pro-angular
23 error There is likely additional logging output above.
24 verbose exit [ 1, true ]
